<?xml version="1.0" encoding="UTF-8"?>
<!-- Generated by org.testng.reporters.JUnitXMLReporter -->
<testsuite hostname="IN5CG63333QM" ignored="1" name="Default test" tests="4" failures="0" timestamp="04 Feb 2020 07:12:21 GMT" time="0.099" errors="0">
  <testcase name="phpTravels" time="0.013" classname="testpack.Test1"/>
  <testcase name="test2" time="0.004" classname="testpack.Test1"/>
  <testcase name="test3" time="0.006" classname="testpack.Test1"/>
  <testcase name="test4" time="0.002" classname="testpack.Test1"/>
  <testcase name="test1" time="0.0" classname="testpack.Test1">
    <ignored/>
  </testcase> <!-- test1 -->
</testsuite> <!-- Default test -->
