<?xml version="1.0" encoding="UTF-8"?>
<testng-results skipped="0" failed="0" ignored="1" total="5" passed="4">
  <reporter-output>
  </reporter-output>
  <suite name="Default suite" duration-ms="99" started-at="2020-02-04T07:12:21Z" finished-at="2020-02-04T07:12:21Z">
    <groups>
    </groups>
    <test name="Default test" duration-ms="99" started-at="2020-02-04T07:12:21Z" finished-at="2020-02-04T07:12:21Z">
      <class name="testpack.Test1">
        <test-method status="PASS" signature="beforeSuite()[pri:0, instance:testpack.Test1@1593948d]" name="beforeSuite" is-config="true" duration-ms="29" started-at="2020-02-04T07:12:21Z" finished-at="2020-02-04T07:12:21Z">
          <reporter-output>
          </reporter-output>
        </test-method> <!-- beforeSuite -->
        <test-method status="PASS" signature="beforeTest()[pri:0, instance:testpack.Test1@1593948d]" name="beforeTest" is-config="true" duration-ms="1" started-at="2020-02-04T07:12:21Z" finished-at="2020-02-04T07:12:21Z">
          <reporter-output>
          </reporter-output>
        </test-method> <!-- beforeTest -->
        <test-method status="PASS" signature="phpTravels()[pri:0, instance:testpack.Test1@1593948d]" name="phpTravels" duration-ms="13" started-at="2020-02-04T07:12:21Z" finished-at="2020-02-04T07:12:21Z">
          <reporter-output>
          </reporter-output>
        </test-method> <!-- phpTravels -->
        <test-method status="PASS" signature="afterMethod(org.testng.ITestResult)[pri:0, instance:testpack.Test1@1593948d]" name="afterMethod" is-config="true" duration-ms="5" started-at="2020-02-04T07:12:21Z" finished-at="2020-02-04T07:12:21Z">
          <params>
            <param index="0">
              <value>
                <![CDATA[[TestResult name=phpTravels status=SUCCESS method=Test1.phpTravels()[pri:0, instance:testpack.Test1@1593948d] output={null}]]]>
              </value>
            </param>
          </params>
          <reporter-output>
          </reporter-output>
        </test-method> <!-- afterMethod -->
        <test-method status="PASS" signature="test2()[pri:0, instance:testpack.Test1@1593948d]" name="test2" duration-ms="4" started-at="2020-02-04T07:12:21Z" finished-at="2020-02-04T07:12:21Z">
          <reporter-output>
          </reporter-output>
        </test-method> <!-- test2 -->
        <test-method status="PASS" signature="afterMethod(org.testng.ITestResult)[pri:0, instance:testpack.Test1@1593948d]" name="afterMethod" is-config="true" duration-ms="0" started-at="2020-02-04T07:12:21Z" finished-at="2020-02-04T07:12:21Z">
          <params>
            <param index="0">
              <value>
                <![CDATA[[TestResult name=test2 status=SUCCESS method=Test1.test2()[pri:0, instance:testpack.Test1@1593948d] output={null}]]]>
              </value>
            </param>
          </params>
          <reporter-output>
          </reporter-output>
        </test-method> <!-- afterMethod -->
        <test-method status="PASS" signature="test3()[pri:0, instance:testpack.Test1@1593948d]" name="test3" duration-ms="6" started-at="2020-02-04T07:12:21Z" finished-at="2020-02-04T07:12:21Z">
          <reporter-output>
          </reporter-output>
        </test-method> <!-- test3 -->
        <test-method status="PASS" signature="afterMethod(org.testng.ITestResult)[pri:0, instance:testpack.Test1@1593948d]" name="afterMethod" is-config="true" duration-ms="1" started-at="2020-02-04T07:12:21Z" finished-at="2020-02-04T07:12:21Z">
          <params>
            <param index="0">
              <value>
                <![CDATA[[TestResult name=test3 status=SUCCESS method=Test1.test3()[pri:0, instance:testpack.Test1@1593948d] output={null}]]]>
              </value>
            </param>
          </params>
          <reporter-output>
          </reporter-output>
        </test-method> <!-- afterMethod -->
        <test-method status="PASS" signature="test4()[pri:0, instance:testpack.Test1@1593948d]" name="test4" duration-ms="2" started-at="2020-02-04T07:12:21Z" depends-on-methods="testpack.Test1.test3" finished-at="2020-02-04T07:12:21Z">
          <reporter-output>
          </reporter-output>
        </test-method> <!-- test4 -->
        <test-method status="PASS" signature="afterMethod(org.testng.ITestResult)[pri:0, instance:testpack.Test1@1593948d]" name="afterMethod" is-config="true" duration-ms="0" started-at="2020-02-04T07:12:21Z" finished-at="2020-02-04T07:12:21Z">
          <params>
            <param index="0">
              <value>
                <![CDATA[[TestResult name=test4 status=SUCCESS method=Test1.test4()[pri:0, instance:testpack.Test1@1593948d] output={null}]]]>
              </value>
            </param>
          </params>
          <reporter-output>
          </reporter-output>
        </test-method> <!-- afterMethod -->
      </class> <!-- testpack.Test1 -->
    </test> <!-- Default test -->
  </suite> <!-- Default suite -->
</testng-results>
