<?xml version="1.0" encoding="UTF-8"?>
<!-- Generated by org.testng.reporters.JUnitXMLReporter -->
<testsuite hostname="IN5CG63333QM" ignored="1" name="Test" tests="4" failures="1" timestamp="22 Jan 2020 05:23:40 GMT" time="0.046" errors="0">
  <testcase name="phpTravels" time="0.004" classname="testpack.Test1"/>
  <testcase name="test2" time="0.003" classname="testpack.Test1"/>
  <testcase name="test3" time="0.003" classname="testpack.Test1">
    <failure type="java.lang.AssertionError" message="expected [true] but found [false]">
      <![CDATA[java.lang.AssertionError: expected [true] but found [false]
at testpack.Test1.test3(Test1.java:42)
... Removed 30 stack frames]]>
    </failure>
  </testcase> <!-- test3 -->
  <testcase name="test4" time="0.0" classname="testpack.Test1">
    <skipped/>
  </testcase> <!-- test4 -->
  <testcase name="test1" time="0.0" classname="testpack.Test1">
    <ignored/>
  </testcase> <!-- test1 -->
</testsuite> <!-- Test -->
